build/app/outputs/mapping/release/seeds.txt
dev.evetong.wordPiggyBank.MainActivity
dev.evetong.wordPiggyBank.MainActivity: MainActivity()
...
io.flutter.plugin.platform.SingleViewPresentation: io.flutter.plugin.platform.PlatformView getView()
io.flutter.plugin.editing.ImeSyncDeferringInsetsCallback$AnimationCallback
io.flutter.view.AccessibilityViewEmbedder: void setFlutterNodesTranslateBounds(android.view.accessibility.AccessibilityNodeInfo,android.graphics.Rect,android.view.accessibility.AccessibilityNodeInfo)
com.google.android.gms.ads.mediation.customevent.CustomEventAdapter: void onPause()
androidx.work.ListenableWorker: androidx.work.impl.utils.taskexecutor.TaskExecutor getTaskExecutor()
com.google.android.gms.internal.ads.zzciq: void setOnTouchListener(android.view.View$OnTouchListener)
com.google.android.gms.internal.ads.zzdc: long zzah
com.google.android.gms.internal.ads.zzftc: int zzf
com.google.android.gms.internal.ads.zzawy: com.google.android.gms.internal.ads.zzawy[] values()
com.google.android.gms.common.internal.RootTelemetryConfiguration: android.os.Parcelable$Creator CREATOR
com.google.android.gms.internal.ads.zzaya: int zzi
com.google.android.gms.internal.ads.zzazk: android.os.Parcelable$Creator CREATOR
com.google.android.gms.internal.ads.zzaxa: java.lang.String zzf
io.flutter.embedding.engine.FlutterJNI: void nativeSurfaceWindowChanged(long,android.view.Surface)
com.google.android.gms.internal.ads.zzcb: long zzm
com.google.android.gms.internal.ads.zzfua
com.google.android.gms.ads.BaseAdView: com.google.android.gms.ads.OnPaidEventListener getOnPaidEventListener()
com.google.android.gms.internal.ads.zzdc: com.google.android.gms.internal.ads.zzdt zzau
io.flutter.plugin.editing.ImeSyncDeferringInsetsCallback
com.google.android.gms.internal.ads.zzayo: com.google.android.gms.internal.ads.zzayi zzg
com.google.android.gms.ads.mediation.rtb.RtbAdapter: void collectSignals(com.google.android.gms.ads.mediation.rtb.RtbSignalData,com.google.android.gms.ads.mediation.rtb.SignalCallbacks)
com.google.android.gms.internal.ads.zzfrh: int zzb
com.google.android.gms.ads.mediation.MediationNativeAdapter
androidx.media.AudioAttributesImplApi26Parcelizer: androidx.media.AudioAttributesImplApi26 read(androidx.versionedparcelable.VersionedParcel)
androidx.core.app.RemoteActionCompat
androidx.media2.common.MediaItem
com.google.android.gms.internal.ads.zzfsx: int zze
com.google.android.gms.internal.ads.zzfca: java.lang.String zzg
com.google.android.gms.internal.ads.zzcx
io.flutter.plugin.platform.SingleViewPresentation: android.view.View$OnFocusChangeListener focusChangeListener
io.flutter.embedding.engine.FlutterJNI: void setRefreshRateFPS(float)
com.google.android.gms.internal.ads.zzbty: android.os.Parcelable$Creator CREATOR
com.google.android.gms.internal.ads.zzaxy: long zzk
com.google.android.gms.internal.ads.zzdc: int zzb
com.google.android.gms.internal.ads.zzgct: com.google.android.gms.internal.ads.zzfyv zzm
com.google.android.gms.ads.nativead.NativeAdView: void setNativeAd(com.google.android.gms.ads.nativead.NativeAd)
io.flutter.plugins.GeneratedPluginRegistrant
com.google.android.gms.internal.ads.zzcq: com.google.android.gms.internal.ads.zzcq[] values()
com.google.android.gms.internal.ads.zzawa: int zzb
io.flutter.embedding.engine.mutatorsstack.FlutterMutatorsStack: FlutterMutatorsStack()
com.google.android.gms.internal.ads.zzbxd: android.os.Parcelable$Creator CREATOR
com.google.android.gms.internal.ads.zzgcg: com.google.android.gms.internal.ads.zzgcf zze
io.flutter.embedding.engine.mutatorsstack.FlutterMutatorsStack: java.util.List finalClippingPaths
com.google.android.gms.internal.ads.zzfpo: com.google.android.gms.internal.ads.zzfpu zzf
com.google.android.gms.internal.ads.zzaxt: int zzl
androidx.media2.session.MediaControllerImplLegacy$2
com.google.android.gms.internal.ads.zzfrh: com.google.android.gms.internal.ads.zzfrh zzf
com.google.android.gms.internal.ads.zzaxt: int zzq
com.google.android.gms.internal.ads.zzayc
com.google.android.gms.internal.ads.zzawa: boolean zze
com.google.android.gms.ads.search.SearchAdView: java.lang.String getAdUnitId()