build/app/outputs/mapping/release/mapping.txt
# compiler: R8
# compiler_version: 2.1.62
# min_api: 21
# pg_map_id: 19785fe
# common_typos_disable
...
com.google.android.exoplayer2.source.TrackGroup$1 -> c.b.b.a.g2.u0$a:
    com.google.android.exoplayer2.source.TrackGroup createFromParcel(android.os.Parcel) -> a
    com.google.android.exoplayer2.source.TrackGroup[] newArray(int) -> b
com.google.android.exoplayer2.source.TrackGroupArray -> c.b.b.a.g2.v0:
    com.google.android.exoplayer2.source.TrackGroup[] trackGroups -> d
    com.google.android.exoplayer2.source.TrackGroupArray EMPTY -> f
    int hashCode -> e
    int length -> c
    com.google.android.exoplayer2.source.TrackGroup get(int) -> a
    int indexOf(com.google.android.exoplayer2.source.TrackGroup) -> c
com.google.android.exoplayer2.source.TrackGroupArray$1 -> c.b.b.a.g2.v0$a:
    com.google.android.exoplayer2.source.TrackGroupArray createFromParcel(android.os.Parcel) -> a
    com.google.android.exoplayer2.source.TrackGroupArray[] newArray(int) -> b
com.google.android.exoplayer2.source.UnrecognizedInputFormatException -> c.b.b.a.g2.w0:
com.google.android.exoplayer2.source.ads.AdPlaybackState -> c.b.b.a.g2.x0.a:
    long[] adGroupTimesUs -> c
    com.google.android.exoplayer2.source.ads.AdPlaybackState$AdGroup[] adGroups -> d
    long contentDurationUs -> f
    long adResumePositionUs -> e
    java.lang.Object adsId -> a
    int adGroupCount -> b
    com.google.android.exoplayer2.source.ads.AdPlaybackState NONE -> g
    int getAdGroupIndexAfterPositionUs(long,long) -> a
    int getAdGroupIndexForPositionUs(long,long) -> b
    boolean isPositionBeforeAdGroup(long,long,int) -> c
com.google.android.exoplayer2.source.ads.AdPlaybackState$AdGroup -> c.b.b.a.g2.x0.a$a:
    long[] durationsUs -> d
    int[] states -> c
    android.net.Uri[] uris -> b
    int count -> a
    int getFirstAdIndexToPlay() -> a
    int getNextAdIndexToPlay(int) -> b
    boolean hasUnplayedAds() -> c
com.google.android.exoplayer2.source.chunk.BaseMediaChunk -> c.b.b.a.g2.y0.a:
    long clippedEndTimeUs -> l
    long clippedStartTimeUs -> k
    com.google.android.exoplayer2.source.chunk.BaseMediaChunkOutput output -> m
    int[] firstSampleIndices -> n
    int getFirstSampleIndex(int) -> i
    com.google.android.exoplayer2.source.chunk.BaseMediaChunkOutput getOutput() -> j
    void init(com.google.android.exoplayer2.source.chunk.BaseMediaChunkOutput) -> k
com.google.android.exoplayer2.source.chunk.BaseMediaChunkIterator -> c.b.b.a.g2.y0.b:
    long fromIndex -> b
    void reset() -> a
com.google.android.exoplayer2.source.chunk.BaseMediaChunkOutput -> c.b.b.a.g2.y0.c:
    int[] trackTypes -> a
    com.google.android.exoplayer2.source.SampleQueue[] sampleQueues -> b
    int[] getWriteIndices() -> a
    void setSampleOffsetUs(long) -> b
    com.google.android.exoplayer2.extractor.TrackOutput track(int,int) -> e
com.google.android.exoplayer2.source.chunk.BundledChunkExtractor -> c.b.b.a.g2.y0.d:
    long endTimeUs -> i
    com.google.android.exoplayer2.extractor.PositionHolder POSITION_HOLDER -> l
    com.google.android.exoplayer2.extractor.SeekMap seekMap -> j
    com.google.android.exoplayer2.Format[] sampleFormats -> k
    com.google.android.exoplayer2.extractor.Extractor extractor -> c
    int primaryTrackType -> d
    boolean extractorInitialized -> g
    android.util.SparseArray bindingTrackOutputs -> f
    com.google.android.exoplayer2.source.chunk.ChunkExtractor$TrackOutputProvider trackOutputProvider -> h
    com.google.android.exoplayer2.Format primaryTrackManifestFormat -> e
    void release() -> a
    boolean read(com.google.android.exoplayer2.extractor.ExtractorInput) -> b
    void init(com.google.android.exoplayer2.source.chunk.ChunkExtractor$TrackOutputProvider,long,long) -> c
    com.google.android.exoplayer2.extractor.ChunkIndex getChunkIndex() -> d
    com.google.android.exoplayer2.extractor.TrackOutput track(int,int) -> e
    com.google.android.exoplayer2.Format[] getSampleFormats() -> f
    void seekMap(com.google.android.exoplayer2.extractor.SeekMap) -> i
    void endTracks() -> j