build/app/outputs/mapping/release/usage.txt
dev.evetong.wordPiggyBank.R$layout
dev.evetong.wordPiggyBank.R$drawable
dev.evetong.wordPiggyBank.R$mipmap
dev.evetong.wordPiggyBank.R$style
dev.evetong.wordPiggyBank.R$dimen
dev.evetong.wordPiggyBank.R$attr
dev.evetong.wordPiggyBank.BuildConfig
dev.evetong.wordPiggyBank.R$styleable
dev.evetong.wordPiggyBank.R$bool
dev.evetong.wordPiggyBank.R$color
dev.evetong.wordPiggyBank.R$string
dev.evetong.wordPiggyBank.R
dev.evetong.wordPiggyBank.R$id
dev.evetong.wordPiggyBank.R$integer
...
com.google.android.exoplayer2.WakeLockManager:
    private static final java.lang.String TAG
    private static final java.lang.String WAKE_LOCK_TAG
com.google.common.reflect.TypeToken$TypeCollector
kotlin.collections.MutableMapWithDefault
androidx.core.view.DisplayCutoutCompat
android.support.v4.media.MediaBrowserCompat$SearchCallback:
    public void <init>()
androidx.work.impl.background.systemalarm.WorkTimer$WorkTimerRunnable:
    static final java.lang.String TAG
com.google.common.cache.LocalCache$StrongAccessEntry
com.google.common.collect.CompactHashSet
com.google.common.collect.Ordering$IncomparableValueException
com.google.common.collect.StandardTable$CellIterator
androidx.media2.session.MediaBrowser
kotlin.collections.EmptyList:
    private final java.lang.Object readResolve()
    public boolean add(java.lang.Void)
    public void add(int,java.lang.Void)
    public java.lang.Void remove(int)
    public java.lang.Void set(int,java.lang.Void)
    private static final long serialVersionUID
com.google.common.hash.MessageDigestHashFunction$SerializedForm
androidx.media2.session.MediaControllerImplBase$34
kotlin.jvm.internal.PropertyReference0
io.flutter.util.Preconditions:
    private void <init>()
    public static void checkState(boolean)
com.google.common.graph.EndpointPairIterator
kotlin.collections.ReversedListReadOnly
com.google.android.exoplayer2.extractor.FlacStreamMetadata:
    public void <init>(int,int,int,int,int,int,int,long,java.util.ArrayList,java.util.ArrayList)
    public int getMaxDecodedFrameSize()
    public int getDecodedBitrate()
    private static final java.lang.String TAG
    public static final int NOT_IN_LOOKUP_TABLE
    private static final java.lang.String SEPARATOR
com.google.common.graph.UndirectedMultiNetworkConnections$1
com.google.common.hash.Hashing$1
com.google.android.gms.internal.ads.zzbtt:
    public final void onFailure(java.lang.String)
    public final synthetic bridge java.lang.Object onSuccess(java.lang.Object)
androidx.media2.session.MediaSessionImplBase$SessionPlayerCallback$13
com.google.j2objc.annotations.AutoreleasePool
androidx.media2.session.MediaControllerImplBase$21
kotlin.text.MatcherMatchResult$groups$1
com.google.android.gms.internal.ads.zzbit:
    public final android.os.IBinder zze(com.google.android.gms.dynamic.IObjectWrapper,com.google.android.gms.dynamic.IObjectWrapper,com.google.android.gms.dynamic.IObjectWrapper)
com.google.common.reflect.Types$JavaVersion
kotlin.coroutines.intrinsics.IntrinsicsKt__IntrinsicsJvmKt
com.google.common.annotations.GwtCompatible
kotlin.Triple
com.google.common.collect.Sets$FilteredNavigableSet
io.flutter.plugin.common.PluginRegistry$PluginRegistrantCallback
kotlin.collections.AbstractMutableSet
org.jetbrains.annotations.Nls
com.google.android.gms.internal.ads.zzfqt:
    static void <clinit>()
    static final synthetic int[] zza
android.support.v4.media.session.PlaybackStateCompat$CustomAction$Builder